<?xml version="1.0" encoding="UTF-8"?>
<!-- Generated by org.testng.reporters.JUnitReportReporter -->
<testsuite hostname="DESKTOP-AEA6PU9" failures="0" tests="1" name="testScript.CategoryTest" time="13.555" errors="0" timestamp="2025-02-20T19:14:21 IST" skipped="0">
  <testcase classname="testScript.CategoryTest" name="userCanSearchcategoryFromCategoryList" time="13.555"/>
</testsuite> <!-- testScript.CategoryTest -->
