<?xml version="1.0" encoding="UTF-8"?>
<!-- Generated by org.testng.reporters.JUnitReportReporter -->
<testsuite hostname="DESKTOP-AEA6PU9" failures="0" tests="2" name="testScript.HomeTest" time="21.851" errors="0" timestamp="2025-02-07T13:40:29 IST" skipped="0">
  <testcase classname="testScript.HomeTest" name="isDashboardOnSidebarIsClickable" time="10.076"/>
  <testcase classname="testScript.HomeTest" name="UserCanLogOutTheSite" time="11.775"/>
</testsuite> <!-- testScript.HomeTest -->
