<?xml version="1.0" encoding="UTF-8"?>
<!-- Generated by org.testng.reporters.JUnitReportReporter -->
<testsuite hostname="DESKTOP-AEA6PU9" failures="0" tests="4" name="testScript.LoginTest" time="34.348" errors="0" timestamp="2025-02-02T14:00:06 IST" skipped="0">
  <testcase classname="testScript.LoginTest" name="userLoginWithValidUsernameAndValidPassword" time="7.992"/>
  <testcase classname="testScript.LoginTest" name="userLoginWithValidUsernameAndInvalidPassword" time="12.322"/>
  <testcase classname="testScript.LoginTest" name="userLoginWithInvalidUsernameAndValidPassword" time="6.556"/>
  <testcase classname="testScript.LoginTest" name="userLoginWithInvalidUsernameAndInvalidPassword" time="7.478"/>
</testsuite> <!-- testScript.LoginTest -->
