<?xml version="1.0" encoding="UTF-8"?>
<!-- Generated by org.testng.reporters.JUnitReportReporter -->
<testsuite hostname="DESKTOP-AEA6PU9" failures="0" tests="2" name="testScript.LoginTest" time="16.204" errors="0" timestamp="2025-02-21T14:50:40 IST" skipped="0">
  <testcase classname="testScript.LoginTest" name="userLoginWithInvalidUsernameAndInvalidPassword" time="9.006"/>
  <testcase classname="testScript.LoginTest" name="userLoginWithInvalidUsernameAndInvalidPassword" time="7.198"/>
</testsuite> <!-- testScript.LoginTest -->
