<?xml version="1.0" encoding="UTF-8"?>
<!-- Generated by org.testng.reporters.JUnitReportReporter -->
<testsuite hostname="DESKTOP-AEA6PU9" failures="0" tests="2" name="testScript.CategoryTest" time="36.968" errors="0" timestamp="2025-02-07T13:38:57 IST" skipped="0">
  <testcase classname="testScript.CategoryTest" name="UserCanAbleToResetCategoryList" time="16.724"/>
  <testcase classname="testScript.CategoryTest" name="UserCanAddNewCategory" time="20.244"/>
</testsuite> <!-- testScript.CategoryTest -->
