<?xml version="1.0" encoding="UTF-8"?>
<!-- Generated by org.testng.reporters.JUnitReportReporter -->
<testsuite hostname="DESKTOP-AEA6PU9" failures="0" tests="1" name="testScript.Sub_CategoryTest" time="51.806" errors="0" timestamp="2025-02-20T21:01:48 IST" skipped="0">
  <testcase classname="testScript.Sub_CategoryTest" name="userCanEnterDatasInNewSub_CategoryField" time="51.806"/>
</testsuite> <!-- testScript.Sub_CategoryTest -->
