<?xml version="1.0" encoding="UTF-8"?>
<!-- Generated by org.testng.reporters.JUnitReportReporter -->
<testsuite hostname="DESKTOP-AEA6PU9" failures="0" tests="1" name="testScript.Manage_NewsTest" time="17.734" errors="0" timestamp="2025-02-21T14:49:20 IST" skipped="0">
  <testcase classname="testScript.Manage_NewsTest" name="userCanAddNews" time="17.734"/>
</testsuite> <!-- testScript.Manage_NewsTest -->
