<?xml version="1.0" encoding="UTF-8"?>
<!-- Generated by org.testng.reporters.JUnitReportReporter -->
<testsuite hostname="DESKTOP-AEA6PU9" failures="0" tests="3" name="testScript.LoginTest" time="33.698" errors="0" timestamp="2025-02-07T14:34:25 IST" skipped="0">
  <testcase classname="testScript.LoginTest" name="userLoginWithValidUsernameAndValidPassword" time="11.237"/>
  <testcase classname="testScript.LoginTest" name="userLoginWithValidUsernameAndValidPassword" time="12.886"/>
  <testcase classname="testScript.LoginTest" name="userLoginWithValidUsernameAndValidPassword" time="9.575"/>
</testsuite> <!-- testScript.LoginTest -->
