<?xml version="1.0" encoding="UTF-8"?>
<!-- Generated by org.testng.reporters.JUnitReportReporter -->
<testsuite hostname="DESKTOP-AEA6PU9" failures="0" tests="1" name="testScript.HomeTest" time="10.351" errors="0" timestamp="2025-02-20T12:41:07 IST" skipped="0">
  <testcase classname="testScript.HomeTest" name="UserCanLogOutTheSite" time="10.351"/>
</testsuite> <!-- testScript.HomeTest -->
