<?xml version="1.0" encoding="UTF-8"?>
<!-- Generated by org.testng.reporters.JUnitReportReporter -->
<testsuite hostname="DESKTOP-AEA6PU9" failures="0" tests="2" name="testScript.LoginTest" time="16.666" errors="0" timestamp="2025-01-29T19:53:10 IST" skipped="0">
  <testcase classname="testScript.LoginTest" name="userLoginWithValidUsernameAndValidPassword" time="7.833"/>
  <testcase classname="testScript.LoginTest" name="userLoginWithInvalidUsernameAndInvalidPassword" time="8.833"/>
</testsuite> <!-- testScript.LoginTest -->
