<?xml version="1.0" encoding="UTF-8"?>
<!-- Generated by org.testng.reporters.JUnitReportReporter -->
<testsuite hostname="DESKTOP-AEA6PU9" failures="0" tests="1" name="TestScript.LoginTest" time="7.583" errors="0" timestamp="2025-01-23T19:50:04 IST" skipped="0">
  <testcase classname="TestScript.LoginTest" name="userLoginWithValidUsernameAndInvalidPassword" time="7.583"/>
</testsuite> <!-- TestScript.LoginTest -->
