<?xml version="1.0" encoding="UTF-8"?>
<!-- Generated by org.testng.reporters.JUnitReportReporter -->
<testsuite hostname="DESKTOP-AEA6PU9" failures="0" tests="1" name="TestScript.TestNgAnnotations" time="0.015" errors="0" timestamp="2025-01-21T19:03:55 IST" skipped="0">
  <testcase classname="TestScript.TestNgAnnotations" name="testCase1" time="0.015"/>
</testsuite> <!-- TestScript.TestNgAnnotations -->
